CRITICAL - 2022-05-13 00:38:39 --> Class 'Config\UsersAuthFilter' not found
#0 C:\xampp\htdocs\ci-uts\system\CodeIgniter.php(393): CodeIgniter\Filters\Filters->run('login', 'before')
#1 C:\xampp\htdocs\ci-uts\system\CodeIgniter.php(326): CodeIgniter\CodeIgniter->handleRequest(NULL, Object(Config\Cache), false)
#2 C:\xampp\htdocs\ci-uts\public\index.php(37): CodeIgniter\CodeIgniter->run()
#3 C:\xampp\htdocs\ci-uts\system\Commands\Server\rewrite.php(43): require_once('C:\\xampp\\htdocs...')
#4 {main}
CRITICAL - 2022-05-13 00:39:01 --> Class 'Config\UsersAuthFilter' not found
#0 C:\xampp\htdocs\ci-uts\system\CodeIgniter.php(393): CodeIgniter\Filters\Filters->run('login', 'before')
#1 C:\xampp\htdocs\ci-uts\system\CodeIgniter.php(326): CodeIgniter\CodeIgniter->handleRequest(NULL, Object(Config\Cache), false)
#2 C:\xampp\htdocs\ci-uts\public\index.php(37): CodeIgniter\CodeIgniter->run()
#3 C:\xampp\htdocs\ci-uts\system\Commands\Server\rewrite.php(43): require_once('C:\\xampp\\htdocs...')
#4 {main}
CRITICAL - 2022-05-13 00:39:07 --> Class 'Config\UsersAuthFilter' not found
#0 C:\xampp\htdocs\ci-uts\system\CodeIgniter.php(393): CodeIgniter\Filters\Filters->run('login', 'before')
#1 C:\xampp\htdocs\ci-uts\system\CodeIgniter.php(326): CodeIgniter\CodeIgniter->handleRequest(NULL, Object(Config\Cache), false)
#2 C:\xampp\htdocs\ci-uts\public\index.php(37): CodeIgniter\CodeIgniter->run()
#3 C:\xampp\htdocs\ci-uts\system\Commands\Server\rewrite.php(43): require_once('C:\\xampp\\htdocs...')
#4 {main}
CRITICAL - 2022-05-13 00:39:08 --> Class 'Config\UsersAuthFilter' not found
#0 C:\xampp\htdocs\ci-uts\system\CodeIgniter.php(393): CodeIgniter\Filters\Filters->run('login', 'before')
#1 C:\xampp\htdocs\ci-uts\system\CodeIgniter.php(326): CodeIgniter\CodeIgniter->handleRequest(NULL, Object(Config\Cache), false)
#2 C:\xampp\htdocs\ci-uts\public\index.php(37): CodeIgniter\CodeIgniter->run()
#3 C:\xampp\htdocs\ci-uts\system\Commands\Server\rewrite.php(43): require_once('C:\\xampp\\htdocs...')
#4 {main}
CRITICAL - 2022-05-13 00:39:09 --> Class 'Config\UsersAuthFilter' not found
#0 C:\xampp\htdocs\ci-uts\system\CodeIgniter.php(393): CodeIgniter\Filters\Filters->run('login', 'before')
#1 C:\xampp\htdocs\ci-uts\system\CodeIgniter.php(326): CodeIgniter\CodeIgniter->handleRequest(NULL, Object(Config\Cache), false)
#2 C:\xampp\htdocs\ci-uts\public\index.php(37): CodeIgniter\CodeIgniter->run()
#3 C:\xampp\htdocs\ci-uts\system\Commands\Server\rewrite.php(43): require_once('C:\\xampp\\htdocs...')
#4 {main}
CRITICAL - 2022-05-13 00:39:40 --> Class 'Config\UsersAuthFilter' not found
#0 C:\xampp\htdocs\ci-uts\system\CodeIgniter.php(393): CodeIgniter\Filters\Filters->run('home', 'before')
#1 C:\xampp\htdocs\ci-uts\system\CodeIgniter.php(326): CodeIgniter\CodeIgniter->handleRequest(NULL, Object(Config\Cache), false)
#2 C:\xampp\htdocs\ci-uts\public\index.php(37): CodeIgniter\CodeIgniter->run()
#3 C:\xampp\htdocs\ci-uts\system\Commands\Server\rewrite.php(43): require_once('C:\\xampp\\htdocs...')
#4 {main}
CRITICAL - 2022-05-13 01:41:01 --> Class 'Config\UsersAuthFilter' not found
#0 C:\xampp\htdocs\ci-uts\system\CodeIgniter.php(393): CodeIgniter\Filters\Filters->run('home', 'before')
#1 C:\xampp\htdocs\ci-uts\system\CodeIgniter.php(326): CodeIgniter\CodeIgniter->handleRequest(NULL, Object(Config\Cache), false)
#2 C:\xampp\htdocs\ci-uts\public\index.php(37): CodeIgniter\CodeIgniter->run()
#3 C:\xampp\htdocs\ci-uts\system\Commands\Server\rewrite.php(43): require_once('C:\\xampp\\htdocs...')
#4 {main}
CRITICAL - 2022-05-13 01:53:36 --> Class 'Config\UsersAuthFilter' not found
#0 C:\xampp\htdocs\ci-uts\system\CodeIgniter.php(393): CodeIgniter\Filters\Filters->run('home', 'before')
#1 C:\xampp\htdocs\ci-uts\system\CodeIgniter.php(326): CodeIgniter\CodeIgniter->handleRequest(NULL, Object(Config\Cache), false)
#2 C:\xampp\htdocs\ci-uts\public\index.php(37): CodeIgniter\CodeIgniter->run()
#3 C:\xampp\htdocs\ci-uts\system\Commands\Server\rewrite.php(43): require_once('C:\\xampp\\htdocs...')
#4 {main}
ERROR - 2022-05-13 02:31:49 --> Table 'dbuser.mahasiswa' doesn't exist
ERROR - 2022-05-13 02:38:34 --> Table 'dbuser.mahasiswa' doesn't exist
ERROR - 2022-05-13 02:41:21 --> Table 'dbuser.mahasiswa' doesn't exist
ERROR - 2022-05-13 02:45:45 --> Table 'dbuser.mahasiswa' doesn't exist
ERROR - 2022-05-13 03:00:22 --> Table 'dbuser.mahasiswa' doesn't exist
ERROR - 2022-05-13 03:17:10 --> Table 'mahasiswa.mahasiswa' doesn't exist
ERROR - 2022-05-13 03:56:17 --> Table 'dbuser.mahasiswa' doesn't exist
ERROR - 2022-05-13 03:58:45 --> Table 'dbuser.mahasiswa' doesn't exist
CRITICAL - 2022-05-13 07:45:27 --> Undefined property: stdClass::$tanggal_lahir
#0 C:\xampp\htdocs\ci-uts\app\Views\vw_mahasiswa.php(62): CodeIgniter\Debug\Exceptions->errorHandler(8, 'Undefined prope...', 'C:\\xampp\\htdocs...', 62, Array)
#1 C:\xampp\htdocs\ci-uts\system\View\View.php(210): include('C:\\xampp\\htdocs...')
#2 C:\xampp\htdocs\ci-uts\system\View\View.php(213): CodeIgniter\View\View->CodeIgniter\View\{closure}()
#3 C:\xampp\htdocs\ci-uts\system\Common.php(1089): CodeIgniter\View\View->render('vw_mahasiswa', Array, true)
#4 C:\xampp\htdocs\ci-uts\app\Controllers\Mahasiswa.php(21): view('vw_mahasiswa', Array)
#5 C:\xampp\htdocs\ci-uts\system\CodeIgniter.php(832): App\Controllers\Mahasiswa->index()
#6 C:\xampp\htdocs\ci-uts\system\CodeIgniter.php(419): CodeIgniter\CodeIgniter->runController(Object(App\Controllers\Mahasiswa))
#7 C:\xampp\htdocs\ci-uts\system\CodeIgniter.php(326): CodeIgniter\CodeIgniter->handleRequest(NULL, Object(Config\Cache), false)
#8 C:\xampp\htdocs\ci-uts\public\index.php(37): CodeIgniter\CodeIgniter->run()
#9 C:\xampp\htdocs\ci-uts\system\Commands\Server\rewrite.php(43): require_once('C:\\xampp\\htdocs...')
#10 {main}
CRITICAL - 2022-05-13 08:03:28 --> Undefined variable: mahasiswa
#0 C:\xampp\htdocs\ci-uts\app\Views\mahasiswa\index.php(31): CodeIgniter\Debug\Exceptions->errorHandler(8, 'Undefined varia...', 'C:\\xampp\\htdocs...', 31, Array)
#1 C:\xampp\htdocs\ci-uts\system\View\View.php(210): include('C:\\xampp\\htdocs...')
#2 C:\xampp\htdocs\ci-uts\system\View\View.php(213): CodeIgniter\View\View->CodeIgniter\View\{closure}()
#3 C:\xampp\htdocs\ci-uts\system\Common.php(1089): CodeIgniter\View\View->render('mahasiswa/index', Array, true)
#4 C:\xampp\htdocs\ci-uts\app\Controllers\Home.php(9): view('mahasiswa/index')
#5 C:\xampp\htdocs\ci-uts\system\CodeIgniter.php(832): App\Controllers\Home->index()
#6 C:\xampp\htdocs\ci-uts\system\CodeIgniter.php(419): CodeIgniter\CodeIgniter->runController(Object(App\Controllers\Home))
#7 C:\xampp\htdocs\ci-uts\system\CodeIgniter.php(326): CodeIgniter\CodeIgniter->handleRequest(NULL, Object(Config\Cache), false)
#8 C:\xampp\htdocs\ci-uts\public\index.php(37): CodeIgniter\CodeIgniter->run()
#9 C:\xampp\htdocs\ci-uts\system\Commands\Server\rewrite.php(43): require_once('C:\\xampp\\htdocs...')
#10 {main}
CRITICAL - 2022-05-13 08:03:42 --> Undefined variable: mahasiswa
#0 C:\xampp\htdocs\ci-uts\app\Views\mahasiswa\index.php(31): CodeIgniter\Debug\Exceptions->errorHandler(8, 'Undefined varia...', 'C:\\xampp\\htdocs...', 31, Array)
#1 C:\xampp\htdocs\ci-uts\system\View\View.php(210): include('C:\\xampp\\htdocs...')
#2 C:\xampp\htdocs\ci-uts\system\View\View.php(213): CodeIgniter\View\View->CodeIgniter\View\{closure}()
#3 C:\xampp\htdocs\ci-uts\system\Common.php(1089): CodeIgniter\View\View->render('mahasiswa/index', Array, true)
#4 C:\xampp\htdocs\ci-uts\app\Controllers\Home.php(9): view('mahasiswa/index')
#5 C:\xampp\htdocs\ci-uts\system\CodeIgniter.php(832): App\Controllers\Home->index()
#6 C:\xampp\htdocs\ci-uts\system\CodeIgniter.php(419): CodeIgniter\CodeIgniter->runController(Object(App\Controllers\Home))
#7 C:\xampp\htdocs\ci-uts\system\CodeIgniter.php(326): CodeIgniter\CodeIgniter->handleRequest(NULL, Object(Config\Cache), false)
#8 C:\xampp\htdocs\ci-uts\public\index.php(37): CodeIgniter\CodeIgniter->run()
#9 C:\xampp\htdocs\ci-uts\system\Commands\Server\rewrite.php(43): require_once('C:\\xampp\\htdocs...')
#10 {main}
ERROR - 2022-05-13 09:25:21 --> Table 'dbuser.mhswteladan' doesn't exist
ERROR - 2022-05-13 09:26:31 --> Table 'dbuser.mhswteladan' doesn't exist
ERROR - 2022-05-13 09:26:47 --> Table 'dbuser.mhswteladan' doesn't exist
ERROR - 2022-05-13 09:28:20 --> Table 'dbuser.mhswteladan' doesn't exist
ERROR - 2022-05-13 09:46:02 --> Table 'dbuser.teladan' doesn't exist
CRITICAL - 2022-05-13 12:15:52 --> Call to undefined method App\Models\MahasiswaModel::search
#0 C:\xampp\htdocs\ci-uts\app\Controllers\Mahasiswa.php(20): CodeIgniter\Model->__call('search', Array)
#1 C:\xampp\htdocs\ci-uts\system\CodeIgniter.php(832): App\Controllers\Mahasiswa->index()
#2 C:\xampp\htdocs\ci-uts\system\CodeIgniter.php(419): CodeIgniter\CodeIgniter->runController(Object(App\Controllers\Mahasiswa))
#3 C:\xampp\htdocs\ci-uts\system\CodeIgniter.php(326): CodeIgniter\CodeIgniter->handleRequest(NULL, Object(Config\Cache), false)
#4 C:\xampp\htdocs\ci-uts\public\index.php(37): CodeIgniter\CodeIgniter->run()
#5 C:\xampp\htdocs\ci-uts\system\Commands\Server\rewrite.php(43): require_once('C:\\xampp\\htdocs...')
#6 {main}
CRITICAL - 2022-05-13 12:18:03 --> Call to undefined method App\Models\MahasiswaModel::search
#0 C:\xampp\htdocs\ci-uts\app\Controllers\Mahasiswa.php(21): CodeIgniter\Model->__call('search', Array)
#1 C:\xampp\htdocs\ci-uts\system\CodeIgniter.php(832): App\Controllers\Mahasiswa->index()
#2 C:\xampp\htdocs\ci-uts\system\CodeIgniter.php(419): CodeIgniter\CodeIgniter->runController(Object(App\Controllers\Mahasiswa))
#3 C:\xampp\htdocs\ci-uts\system\CodeIgniter.php(326): CodeIgniter\CodeIgniter->handleRequest(NULL, Object(Config\Cache), false)
#4 C:\xampp\htdocs\ci-uts\public\index.php(37): CodeIgniter\CodeIgniter->run()
#5 C:\xampp\htdocs\ci-uts\system\Commands\Server\rewrite.php(43): require_once('C:\\xampp\\htdocs...')
#6 {main}
