CRITICAL - 2022-05-12 16:17:59 --> The framework needs the following extension(s) installed and loaded: intl.
#0 C:\xampp\htdocs\ci-uts\system\CodeIgniter.php(219): CodeIgniter\Exceptions\FrameworkException::forMissingExtension('intl')
#1 C:\xampp\htdocs\ci-uts\system\CodeIgniter.php(177): CodeIgniter\CodeIgniter->resolvePlatformExtensions()
#2 C:\xampp\htdocs\ci-uts\system\bootstrap.php(146): CodeIgniter\CodeIgniter->initialize()
#3 C:\xampp\htdocs\ci-uts\spark(45): require('C:\\xampp\\htdocs...')
#4 {main}
CRITICAL - 2022-05-12 16:19:23 --> The framework needs the following extension(s) installed and loaded: intl.
#0 C:\xampp\htdocs\ci-uts\system\CodeIgniter.php(219): CodeIgniter\Exceptions\FrameworkException::forMissingExtension('intl')
#1 C:\xampp\htdocs\ci-uts\system\CodeIgniter.php(177): CodeIgniter\CodeIgniter->resolvePlatformExtensions()
#2 C:\xampp\htdocs\ci-uts\system\bootstrap.php(146): CodeIgniter\CodeIgniter->initialize()
#3 C:\xampp\htdocs\ci-uts\spark(45): require('C:\\xampp\\htdocs...')
#4 {main}
CRITICAL - 2022-05-12 16:21:01 --> The framework needs the following extension(s) installed and loaded: intl.
#0 C:\xampp\htdocs\ci-uts\system\CodeIgniter.php(219): CodeIgniter\Exceptions\FrameworkException::forMissingExtension('intl')
#1 C:\xampp\htdocs\ci-uts\system\CodeIgniter.php(177): CodeIgniter\CodeIgniter->resolvePlatformExtensions()
#2 C:\xampp\htdocs\ci-uts\system\bootstrap.php(146): CodeIgniter\CodeIgniter->initialize()
#3 C:\xampp\htdocs\ci-uts\spark(45): require('C:\\xampp\\htdocs...')
#4 {main}
CRITICAL - 2022-05-12 16:22:31 --> The framework needs the following extension(s) installed and loaded: intl.
#0 C:\xampp\htdocs\ci-uts\system\CodeIgniter.php(219): CodeIgniter\Exceptions\FrameworkException::forMissingExtension('intl')
#1 C:\xampp\htdocs\ci-uts\system\CodeIgniter.php(177): CodeIgniter\CodeIgniter->resolvePlatformExtensions()
#2 C:\xampp\htdocs\ci-uts\system\bootstrap.php(146): CodeIgniter\CodeIgniter->initialize()
#3 C:\xampp\htdocs\ci-uts\spark(45): require('C:\\xampp\\htdocs...')
#4 {main}
CRITICAL - 2022-05-12 12:58:46 --> Class 'App\Filters\UsersAuthFilter' not found
#0 C:\xampp\htdocs\ci-uts\system\CodeIgniter.php(393): CodeIgniter\Filters\Filters->run('register', 'before')
#1 C:\xampp\htdocs\ci-uts\system\CodeIgniter.php(326): CodeIgniter\CodeIgniter->handleRequest(NULL, Object(Config\Cache), false)
#2 C:\xampp\htdocs\ci-uts\public\index.php(37): CodeIgniter\CodeIgniter->run()
#3 C:\xampp\htdocs\ci-uts\system\Commands\Server\rewrite.php(43): require_once('C:\\xampp\\htdocs...')
#4 {main}
CRITICAL - 2022-05-12 13:00:52 --> Class 'App\Filters\UsersAuthFilter' not found
#0 C:\xampp\htdocs\ci-uts\system\CodeIgniter.php(393): CodeIgniter\Filters\Filters->run('register', 'before')
#1 C:\xampp\htdocs\ci-uts\system\CodeIgniter.php(326): CodeIgniter\CodeIgniter->handleRequest(NULL, Object(Config\Cache), false)
#2 C:\xampp\htdocs\ci-uts\public\index.php(37): CodeIgniter\CodeIgniter->run()
#3 C:\xampp\htdocs\ci-uts\system\Commands\Server\rewrite.php(43): require_once('C:\\xampp\\htdocs...')
#4 {main}
CRITICAL - 2022-05-12 13:00:58 --> Class 'App\Filters\UsersAuthFilter' not found
#0 C:\xampp\htdocs\ci-uts\system\CodeIgniter.php(393): CodeIgniter\Filters\Filters->run('register', 'before')
#1 C:\xampp\htdocs\ci-uts\system\CodeIgniter.php(326): CodeIgniter\CodeIgniter->handleRequest(NULL, Object(Config\Cache), false)
#2 C:\xampp\htdocs\ci-uts\public\index.php(37): CodeIgniter\CodeIgniter->run()
#3 C:\xampp\htdocs\ci-uts\system\Commands\Server\rewrite.php(43): require_once('C:\\xampp\\htdocs...')
#4 {main}
CRITICAL - 2022-05-12 13:01:01 --> Class 'App\Filters\UsersAuthFilter' not found
#0 C:\xampp\htdocs\ci-uts\system\CodeIgniter.php(393): CodeIgniter\Filters\Filters->run('register', 'before')
#1 C:\xampp\htdocs\ci-uts\system\CodeIgniter.php(326): CodeIgniter\CodeIgniter->handleRequest(NULL, Object(Config\Cache), false)
#2 C:\xampp\htdocs\ci-uts\public\index.php(37): CodeIgniter\CodeIgniter->run()
#3 C:\xampp\htdocs\ci-uts\system\Commands\Server\rewrite.php(43): require_once('C:\\xampp\\htdocs...')
#4 {main}
CRITICAL - 2022-05-12 13:01:36 --> Class 'App\Filters\UsersAuthFilter' not found
#0 C:\xampp\htdocs\ci-uts\system\CodeIgniter.php(393): CodeIgniter\Filters\Filters->run('register', 'before')
#1 C:\xampp\htdocs\ci-uts\system\CodeIgniter.php(326): CodeIgniter\CodeIgniter->handleRequest(NULL, Object(Config\Cache), false)
#2 C:\xampp\htdocs\ci-uts\public\index.php(37): CodeIgniter\CodeIgniter->run()
#3 C:\xampp\htdocs\ci-uts\system\Commands\Server\rewrite.php(43): require_once('C:\\xampp\\htdocs...')
#4 {main}
CRITICAL - 2022-05-12 13:01:37 --> Class 'App\Filters\UsersAuthFilter' not found
#0 C:\xampp\htdocs\ci-uts\system\CodeIgniter.php(393): CodeIgniter\Filters\Filters->run('register', 'before')
#1 C:\xampp\htdocs\ci-uts\system\CodeIgniter.php(326): CodeIgniter\CodeIgniter->handleRequest(NULL, Object(Config\Cache), false)
#2 C:\xampp\htdocs\ci-uts\public\index.php(37): CodeIgniter\CodeIgniter->run()
#3 C:\xampp\htdocs\ci-uts\system\Commands\Server\rewrite.php(43): require_once('C:\\xampp\\htdocs...')
#4 {main}
CRITICAL - 2022-05-12 13:14:14 --> Class 'App\Filters\UsersAuthFilter' not found
#0 C:\xampp\htdocs\ci-uts\system\CodeIgniter.php(393): CodeIgniter\Filters\Filters->run('login', 'before')
#1 C:\xampp\htdocs\ci-uts\system\CodeIgniter.php(326): CodeIgniter\CodeIgniter->handleRequest(NULL, Object(Config\Cache), false)
#2 C:\xampp\htdocs\ci-uts\public\index.php(37): CodeIgniter\CodeIgniter->run()
#3 C:\xampp\htdocs\ci-uts\system\Commands\Server\rewrite.php(43): require_once('C:\\xampp\\htdocs...')
#4 {main}
CRITICAL - 2022-05-12 13:19:03 --> Class 'App\Filters\UsersAuthFilter' not found
#0 C:\xampp\htdocs\ci-uts\system\CodeIgniter.php(393): CodeIgniter\Filters\Filters->run('login', 'before')
#1 C:\xampp\htdocs\ci-uts\system\CodeIgniter.php(326): CodeIgniter\CodeIgniter->handleRequest(NULL, Object(Config\Cache), false)
#2 C:\xampp\htdocs\ci-uts\public\index.php(37): CodeIgniter\CodeIgniter->run()
#3 C:\xampp\htdocs\ci-uts\system\Commands\Server\rewrite.php(43): require_once('C:\\xampp\\htdocs...')
#4 {main}
CRITICAL - 2022-05-12 13:22:19 --> Class 'App\Filters\UsersAuthFilter' not found
#0 C:\xampp\htdocs\ci-uts\system\CodeIgniter.php(393): CodeIgniter\Filters\Filters->run('register', 'before')
#1 C:\xampp\htdocs\ci-uts\system\CodeIgniter.php(326): CodeIgniter\CodeIgniter->handleRequest(NULL, Object(Config\Cache), false)
#2 C:\xampp\htdocs\ci-uts\public\index.php(37): CodeIgniter\CodeIgniter->run()
#3 C:\xampp\htdocs\ci-uts\system\Commands\Server\rewrite.php(43): require_once('C:\\xampp\\htdocs...')
#4 {main}
CRITICAL - 2022-05-12 13:22:23 --> Class 'App\Filters\UsersAuthFilter' not found
#0 C:\xampp\htdocs\ci-uts\system\CodeIgniter.php(393): CodeIgniter\Filters\Filters->run('register', 'before')
#1 C:\xampp\htdocs\ci-uts\system\CodeIgniter.php(326): CodeIgniter\CodeIgniter->handleRequest(NULL, Object(Config\Cache), false)
#2 C:\xampp\htdocs\ci-uts\public\index.php(37): CodeIgniter\CodeIgniter->run()
#3 C:\xampp\htdocs\ci-uts\system\Commands\Server\rewrite.php(43): require_once('C:\\xampp\\htdocs...')
#4 {main}
CRITICAL - 2022-05-12 13:22:23 --> Class 'App\Filters\UsersAuthFilter' not found
#0 C:\xampp\htdocs\ci-uts\system\CodeIgniter.php(393): CodeIgniter\Filters\Filters->run('register', 'before')
#1 C:\xampp\htdocs\ci-uts\system\CodeIgniter.php(326): CodeIgniter\CodeIgniter->handleRequest(NULL, Object(Config\Cache), false)
#2 C:\xampp\htdocs\ci-uts\public\index.php(37): CodeIgniter\CodeIgniter->run()
#3 C:\xampp\htdocs\ci-uts\system\Commands\Server\rewrite.php(43): require_once('C:\\xampp\\htdocs...')
#4 {main}
CRITICAL - 2022-05-12 13:22:24 --> Class 'App\Filters\UsersAuthFilter' not found
#0 C:\xampp\htdocs\ci-uts\system\CodeIgniter.php(393): CodeIgniter\Filters\Filters->run('register', 'before')
#1 C:\xampp\htdocs\ci-uts\system\CodeIgniter.php(326): CodeIgniter\CodeIgniter->handleRequest(NULL, Object(Config\Cache), false)
#2 C:\xampp\htdocs\ci-uts\public\index.php(37): CodeIgniter\CodeIgniter->run()
#3 C:\xampp\htdocs\ci-uts\system\Commands\Server\rewrite.php(43): require_once('C:\\xampp\\htdocs...')
#4 {main}
